\BOOKMARK [1][-]{section.1}{Introduction}{}% 1
\BOOKMARK [2][-]{subsection.1.1}{Goal and Motivation}{section.1}% 2
\BOOKMARK [2][-]{subsection.1.2}{Data set}{section.1}% 3
\BOOKMARK [2][-]{subsection.1.3}{Independent Cascade, I\(s\)}{section.1}% 4
\BOOKMARK [1][-]{section.2}{Stochasticity}{}% 5
\BOOKMARK [2][-]{subsection.2.1}{Averaged Trial Function, fN\(s\)}{section.2}% 6
\BOOKMARK [2][-]{subsection.2.2}{Properties of fN\(s\)}{section.2}% 7
\BOOKMARK [2][-]{subsection.2.3}{Greedy Algorithm}{section.2}% 8
\BOOKMARK [3][-]{subsubsection.2.3.1}{NC\137Mini}{subsection.2.3}% 9
\BOOKMARK [3][-]{subsubsection.2.3.2}{NC\137Full}{subsection.2.3}% 10
\BOOKMARK [1][-]{section.3}{Implementation}{}% 11
\BOOKMARK [2][-]{subsection.3.1}{MCMC and Simulated Annealing}{section.3}% 12
\BOOKMARK [2][-]{subsection.3.2}{Advantages and Shortcomings}{section.3}% 13
\BOOKMARK [2][-]{subsection.3.3}{Choice of Parameters for Speed}{section.3}% 14
\BOOKMARK [3][-]{subsubsection.3.3.1}{ E}{subsection.3.3}% 15
\BOOKMARK [3][-]{subsubsection.3.3.2}{N}{subsection.3.3}% 16
\BOOKMARK [3][-]{subsubsection.3.3.3}{T}{subsection.3.3}% 17
\BOOKMARK [3][-]{subsubsection.3.3.4}{Allowed Nodes \(si\)}{subsection.3.3}% 18
\BOOKMARK [3][-]{subsubsection.3.3.5}{Re-annealing Control}{subsection.3.3}% 19
\BOOKMARK [1][-]{section.4}{Results}{}% 20
\BOOKMARK [2][-]{subsection.4.1}{North Carolina \(mini\)}{section.4}% 21
\BOOKMARK [2][-]{subsection.4.2}{North Carolina \(full\)}{section.4}% 22
